0 info it worked if it ends with ok
1 verbose cli [ '/Users/charmainetham/.nvm/versions/node/v6.11.4/bin/node',
1 verbose cli   '/Users/charmainetham/.nvm/versions/node/v6.11.4/bin/npm',
1 verbose cli   'start' ]
2 info using npm@3.10.10
3 info using node@v6.11.4
4 verbose run-script [ 'prestart', 'start', 'poststart' ]
5 info lifecycle charmaine-react-boilerplate@1.0.0~prestart: charmaine-react-boilerplate@1.0.0
6 silly lifecycle charmaine-react-boilerplate@1.0.0~prestart: no script for prestart, continuing
7 info lifecycle charmaine-react-boilerplate@1.0.0~start: charmaine-react-boilerplate@1.0.0
8 verbose lifecycle charmaine-react-boilerplate@1.0.0~start: unsafe-perm in lifecycle true
9 verbose lifecycle charmaine-react-boilerplate@1.0.0~start: PATH: /Users/charmainetham/.nvm/versions/node/v6.11.4/lib/node_modules/npm/bin/node-gyp-bin:/Users/charmainetham/mywork/myportfolio/node_modules/.bin:/Users/charmainetham/.nvm/versions/node/v6.11.4/bin:/Library/Frameworks/Python.framework/Versions/3.6/bin:/Users/charmainetham/.rvm/gems/ruby-2.3.0/bin:/Users/charmainetham/.rvm/gems/ruby-2.3.0@global/bin:/Users/charmainetham/.rvm/rubies/ruby-2.3.0/bin:/usr/local/bin:/usr/local/bin:/usr/bin:/bin:/usr/sbin:/sbin:/Users/charmainetham/.rvm/bin
10 verbose lifecycle charmaine-react-boilerplate@1.0.0~start: CWD: /Users/charmainetham/mywork/myportfolio
11 silly lifecycle charmaine-react-boilerplate@1.0.0~start: Args: [ '-c',
11 silly lifecycle   'webpack-dev-server --progress --colors --config ./webpack.config.js' ]
12 silly lifecycle charmaine-react-boilerplate@1.0.0~start: Returned: code: 1  signal: null
13 info lifecycle charmaine-react-boilerplate@1.0.0~start: Failed to exec start script
14 verbose stack Error: charmaine-react-boilerplate@1.0.0 start: `webpack-dev-server --progress --colors --config ./webpack.config.js`
14 verbose stack Exit status 1
14 verbose stack     at EventEmitter.<anonymous> (/Users/charmainetham/.nvm/versions/node/v6.11.4/lib/node_modules/npm/lib/utils/lifecycle.js:255:16)
14 verbose stack     at emitTwo (events.js:106:13)
14 verbose stack     at EventEmitter.emit (events.js:191:7)
14 verbose stack     at ChildProcess.<anonymous> (/Users/charmainetham/.nvm/versions/node/v6.11.4/lib/node_modules/npm/lib/utils/spawn.js:40:14)
14 verbose stack     at emitTwo (events.js:106:13)
14 verbose stack     at ChildProcess.emit (events.js:191:7)
14 verbose stack     at maybeClose (internal/child_process.js:920:16)
14 verbose stack     at Process.ChildProcess._handle.onexit (internal/child_process.js:230:5)
15 verbose pkgid charmaine-react-boilerplate@1.0.0
16 verbose cwd /Users/charmainetham/mywork/myportfolio
17 error Darwin 15.6.0
18 error argv "/Users/charmainetham/.nvm/versions/node/v6.11.4/bin/node" "/Users/charmainetham/.nvm/versions/node/v6.11.4/bin/npm" "start"
19 error node v6.11.4
20 error npm  v3.10.10
21 error code ELIFECYCLE
22 error charmaine-react-boilerplate@1.0.0 start: `webpack-dev-server --progress --colors --config ./webpack.config.js`
22 error Exit status 1
23 error Failed at the charmaine-react-boilerplate@1.0.0 start script 'webpack-dev-server --progress --colors --config ./webpack.config.js'.
23 error Make sure you have the latest version of node.js and npm installed.
23 error If you do, this is most likely a problem with the charmaine-react-boilerplate package,
23 error not with npm itself.
23 error Tell the author that this fails on your system:
23 error     webpack-dev-server --progress --colors --config ./webpack.config.js
23 error You can get information on how to open an issue for this project with:
23 error     npm bugs charmaine-react-boilerplate
23 error Or if that isn't available, you can get their info via:
23 error     npm owner ls charmaine-react-boilerplate
23 error There is likely additional logging output above.
24 verbose exit [ 1, true ]
